# JRE version: OpenJDK Runtime Environment (17.0.7) (build 17.0.7+0-b2043.56-10550314)
# Java VM: OpenJDK 64-Bit Server VM (17.0.7+0-b2043.56-10550314, mixed mode, tiered, compressed oops, compressed class ptrs, g1 gc, windows-amd64)
GC Precious Log:
 CPUs: 4 total, 4 available
 Memory: 6074M
 Large Page Support: Disabled
 NUMA Support: Disabled
 Compressed Oops: Enabled (32-bit)
 Heap Region Size: 1M
 Heap Min Capacity: 8M
 Heap Initial Capacity: 96M
 Heap Max Capacity: 2G
 Pre-touch: Disabled
 Parallel Workers: 4
 Concurrent Workers: 1
 Concurrent Refinement Workers: 4
 Periodic GC: Disabled
Heap:
 garbage-first heap   total 488448K, used 301568K [0x0000000080000000, 0x0000000100000000)
  region size 1024K, 3 young (3072K), 3 survivors (3072K)
 Metaspace       used 124920K, committed 125760K, reserved 1179648K
  class space    used 16786K, committed 17216K, reserved 1048576K
GC Heap History (20 events):
Event: 38.492 GC heap after
{Heap after GC invocations=44 (full 0):
 garbage-first heap   total 307200K, used 173056K [0x0000000080000000, 0x0000000100000000)
  region size 1024K, 8 young (8192K), 8 survivors (8192K)
 Metaspace       used 115228K, committed 115968K, reserved 1179648K
  class space    used 15302K, committed 15680K, reserved 1048576K
}
Event: 40.445 GC heap before
{Heap before GC invocations=44 (full 0):
 garbage-first heap   total 307200K, used 250880K [0x0000000080000000, 0x0000000100000000)
  region size 1024K, 85 young (87040K), 8 survivors (8192K)
 Metaspace       used 116451K, committed 117248K, reserved 1179648K
  class space    used 15449K, committed 15808K, reserved 1048576K
}
Event: 40.467 GC heap after
{Heap after GC invocations=45 (full 0):
 garbage-first heap   total 307200K, used 179157K [0x0000000080000000, 0x0000000100000000)
  region size 1024K, 9 young (9216K), 9 survivors (9216K)
 Metaspace       used 116451K, committed 117248K, reserved 1179648K
  class space    used 15449K, committed 15808K, reserved 1048576K
}
Event: 41.115 GC heap before
{Heap before GC invocations=45 (full 0):
 garbage-first heap   total 307200K, used 250837K [0x0000000080000000, 0x0000000100000000)
  region size 1024K, 80 young (81920K), 9 survivors (9216K)
 Metaspace       used 116673K, committed 117568K, reserved 1179648K
  class space    used 15475K, committed 15936K, reserved 1048576K
}
Event: 41.129 GC heap after
{Heap after GC invocations=46 (full 0):
 garbage-first heap   total 307200K, used 181843K [0x0000000080000000, 0x0000000100000000)
  region size 1024K, 6 young (6144K), 6 survivors (6144K)
 Metaspace       used 116673K, committed 117568K, reserved 1179648K
  class space    used 15475K, committed 15936K, reserved 1048576K
}
Event: 42.697 GC heap before
{Heap before GC invocations=46 (full 0):
 garbage-first heap   total 307200K, used 252499K [0x0000000080000000, 0x0000000100000000)
  region size 1024K, 76 young (77824K), 6 survivors (6144K)
 Metaspace       used 117635K, committed 118464K, reserved 1179648K
  class space    used 15585K, committed 16000K, reserved 1048576K
}
Event: 42.710 GC heap after
{Heap after GC invocations=47 (full 0):
 garbage-first heap   total 307200K, used 184538K [0x0000000080000000, 0x0000000100000000)
  region size 1024K, 8 young (8192K), 8 survivors (8192K)
 Metaspace       used 117635K, committed 118464K, reserved 1179648K
  class space    used 15585K, committed 16000K, reserved 1048576K
}
Event: 43.540 GC heap before
{Heap before GC invocations=47 (full 0):
 garbage-first heap   total 307200K, used 238810K [0x0000000080000000, 0x0000000100000000)
  region size 1024K, 48 young (49152K), 8 survivors (8192K)
 Metaspace       used 120484K, committed 121280K, reserved 1179648K
  class space    used 16016K, committed 16448K, reserved 1048576K
}
Event: 43.556 GC heap after
{Heap after GC invocations=48 (full 0):
 garbage-first heap   total 307200K, used 209829K [0x0000000080000000, 0x0000000100000000)
  region size 1024K, 10 young (10240K), 10 survivors (10240K)
 Metaspace       used 120484K, committed 121280K, reserved 1179648K
  class space    used 16016K, committed 16448K, reserved 1048576K
}
Event: 44.320 GC heap before
{Heap before GC invocations=49 (full 0):
 garbage-first heap   total 432128K, used 264101K [0x0000000080000000, 0x0000000100000000)
  region size 1024K, 54 young (55296K), 10 survivors (10240K)
 Metaspace       used 122029K, committed 122944K, reserved 1179648K
  class space    used 16229K, committed 16704K, reserved 1048576K
}
Event: 44.345 GC heap after
{Heap after GC invocations=50 (full 0):
 garbage-first heap   total 432128K, used 213099K [0x0000000080000000, 0x0000000100000000)
  region size 1024K, 7 young (7168K), 7 survivors (7168K)
 Metaspace       used 122029K, committed 122944K, reserved 1179648K
  class space    used 16229K, committed 16704K, reserved 1048576K
}
Event: 44.525 GC heap before
{Heap before GC invocations=50 (full 0):
 garbage-first heap   total 432128K, used 226411K [0x0000000080000000, 0x0000000100000000)
  region size 1024K, 21 young (21504K), 7 survivors (7168K)
 Metaspace       used 122029K, committed 122944K, reserved 1179648K
  class space    used 16229K, committed 16704K, reserved 1048576K
}
Event: 44.622 GC heap after
{Heap after GC invocations=51 (full 0):
 garbage-first heap   total 432128K, used 206600K [0x0000000080000000, 0x0000000100000000)
  region size 1024K, 3 young (3072K), 3 survivors (3072K)
 Metaspace       used 122029K, committed 122944K, reserved 1179648K
  class space    used 16229K, committed 16704K, reserved 1048576K
}
Event: 47.493 GC heap before
{Heap before GC invocations=51 (full 0):
 garbage-first heap   total 432128K, used 342792K [0x0000000080000000, 0x0000000100000000)
  region size 1024K, 131 young (134144K), 3 survivors (3072K)
 Metaspace       used 124826K, committed 125632K, reserved 1179648K
  class space    used 16783K, committed 17216K, reserved 1048576K
}
Event: 47.606 GC heap after
{Heap after GC invocations=52 (full 0):
 garbage-first heap   total 432128K, used 253228K [0x0000000080000000, 0x0000000100000000)
  region size 1024K, 17 young (17408K), 17 survivors (17408K)
 Metaspace       used 124826K, committed 125632K, reserved 1179648K
  class space    used 16783K, committed 17216K, reserved 1048576K
}
Event: 47.943 GC heap before
{Heap before GC invocations=52 (full 0):
 garbage-first heap   total 432128K, used 269612K [0x0000000080000000, 0x0000000100000000)
  region size 1024K, 33 young (33792K), 17 survivors (17408K)
 Metaspace       used 124875K, committed 125696K, reserved 1179648K
  class space    used 16783K, committed 17216K, reserved 1048576K
}
Event: 48.033 GC heap after
{Heap after GC invocations=53 (full 0):
 garbage-first heap   total 432128K, used 260096K [0x0000000080000000, 0x0000000100000000)
  region size 1024K, 5 young (5120K), 5 survivors (5120K)
 Metaspace       used 124875K, committed 125696K, reserved 1179648K
  class space    used 16783K, committed 17216K, reserved 1048576K
}
Event: 48.865 GC heap before
{Heap before GC invocations=54 (full 0):
 garbage-first heap   total 488448K, used 339968K [0x0000000080000000, 0x0000000100000000)
  region size 1024K, 84 young (86016K), 5 survivors (5120K)
 Metaspace       used 124920K, committed 125760K, reserved 1179648K
  class space    used 16786K, committed 17216K, reserved 1048576K
}
Event: 48.958 GC heap after
{Heap after GC invocations=55 (full 0):
 garbage-first heap   total 488448K, used 299520K [0x0000000080000000, 0x0000000100000000)
  region size 1024K, 11 young (11264K), 11 survivors (11264K)
 Metaspace       used 124920K, committed 125760K, reserved 1179648K
  class space    used 16786K, committed 17216K, reserved 1048576K
}
Event: 49.294 GC heap before
{Heap before GC invocations=55 (full 0):
 garbage-first heap   total 488448K, used 311808K [0x0000000080000000, 0x0000000100000000)
  region size 1024K, 23 young (23552K), 11 survivors (11264K)
 Metaspace       used 124920K, committed 125760K, reserved 1179648K
  class space    used 16786K, committed 17216K, reserved 1048576K
}

